Using pre-set license
Built from '2020.3/staging' branch; Version is '2020.3.18f1 (a7d1c678663c) revision 10998214'; Using compiler version '192528614'; Build Type 'Release'
OS: 'Windows 10 Pro; OS build 19044.2364; Version 2009; 64bit' Language: 'de' Physical Memory: 8088 MB
BatchMode: 1, IsHumanControllingUs: 0, StartBugReporterOnCrash: 0, Is64bit: 1, IsPro: 0

COMMAND LINE ARGUMENTS:
C:\Program Files\Unity\Hub\Editor\2020.3.18f1\Editor\Unity.exe
-adb2
-batchMode
-noUpm
-name
AssetImportWorker5
-projectPath
C:/Users/Anwender/Documents/31-prj2-kinderspiel-azika/31-prj2-kinderspiel-azika
-logFile
Logs/AssetImportWorker5.log
-srvPort
50349
Successfully changed project path to: C:/Users/Anwender/Documents/31-prj2-kinderspiel-azika/31-prj2-kinderspiel-azika
C:/Users/Anwender/Documents/31-prj2-kinderspiel-azika/31-prj2-kinderspiel-azika
Using Asset Import Pipeline V2.
Refreshing native plugins compatible for Editor in 206.39 ms, found 3 plugins.
Preloading 0 native plugins for Editor in 0.00 ms.
Initialize engine version: 2020.3.18f1 (a7d1c678663c)
[Subsystems] Discovering subsystems at path C:/Program Files/Unity/Hub/Editor/2020.3.18f1/Editor/Data/Resources/UnitySubsystems
[Subsystems] Discovering subsystems at path C:/Users/Anwender/Documents/31-prj2-kinderspiel-azika/31-prj2-kinderspiel-azika/Assets
GfxDevice: creating device client; threaded=0
Direct3D:
    Version:  Direct3D 11.0 [level 11.1]
    Renderer: Intel(R) UHD Graphics 620 (ID=0x5917)
    Vendor:   
    VRAM:     4044 MB
    Driver:   27.20.100.9749
Initialize mono
Mono path[0] = 'C:/Program Files/Unity/Hub/Editor/2020.3.18f1/Editor/Data/Managed'
Mono path[1] = 'C:/Program Files/Unity/Hub/Editor/2020.3.18f1/Editor/Data/MonoBleedingEdge/lib/mono/unityjit'
Mono config path = 'C:/Program Files/Unity/Hub/Editor/2020.3.18f1/Editor/Data/MonoBleedingEdge/etc'
Using monoOptions --debugger-agent=transport=dt_socket,embedding=1,server=y,suspend=n,address=127.0.0.1:56516
Begin MonoManager ReloadAssembly
Registering precompiled unity dll's ...
Register platform support module: C:/Program Files/Unity/Hub/Editor/2020.3.18f1/Editor/Data/PlaybackEngines/WindowsStandaloneSupport/UnityEditor.WindowsStandalone.Extensions.dll
Registered in 0.006516 seconds.
Native extension for WindowsStandalone target not found
Refreshing native plugins compatible for Editor in 206.82 ms, found 3 plugins.
Preloading 0 native plugins for Editor in 0.00 ms.
Mono: successfully reloaded assembly
- Completed reload, in  9.992 seconds
Domain Reload Profiling:
	ReloadAssembly (9992ms)
		BeginReloadAssembly (196ms)
			ExecutionOrderSort (0ms)
			DisableScriptedObjects (0ms)
			BackupInstance (0ms)
			ReleaseScriptingObjects (0ms)
			CreateAndSetChildDomain (3ms)
		EndReloadAssembly (1453ms)
			LoadAssemblies (186ms)
			RebuildTransferFunctionScriptingTraits (0ms)
			SetupTypeCache (467ms)
			ReleaseScriptCaches (0ms)
			RebuildScriptCaches (118ms)
			SetupLoadedEditorAssemblies (716ms)
				LogAssemblyErrors (0ms)
				InitializePlatformSupportModulesInManaged (13ms)
				SetLoadedEditorAssemblies (0ms)
				RefreshPlugins (207ms)
				BeforeProcessingInitializeOnLoad (61ms)
				ProcessInitializeOnLoadAttributes (382ms)
				ProcessInitializeOnLoadMethodAttributes (52ms)
				AfterProcessingInitializeOnLoad (0ms)
				EditorAssembliesLoaded (0ms)
			ExecutionOrderSort2 (0ms)
			AwakeInstancesAfterBackupRestoration (0ms)
Platform modules already initialized, skipping
Registering precompiled user dll's ...
Registered in 0.011470 seconds.
Begin MonoManager ReloadAssembly
Native extension for WindowsStandalone target not found
Refreshing native plugins compatible for Editor in 71.69 ms, found 3 plugins.
Preloading 0 native plugins for Editor in 0.00 ms.
Mono: successfully reloaded assembly
- Completed reload, in  9.440 seconds
Domain Reload Profiling:
	ReloadAssembly (9447ms)
		BeginReloadAssembly (274ms)
			ExecutionOrderSort (0ms)
			DisableScriptedObjects (7ms)
			BackupInstance (0ms)
			ReleaseScriptingObjects (0ms)
			CreateAndSetChildDomain (29ms)
		EndReloadAssembly (9012ms)
			LoadAssemblies (5279ms)
			RebuildTransferFunctionScriptingTraits (0ms)
			SetupTypeCache (2197ms)
			ReleaseScriptCaches (1ms)
			RebuildScriptCaches (106ms)
			SetupLoadedEditorAssemblies (1124ms)
				LogAssemblyErrors (0ms)
				InitializePlatformSupportModulesInManaged (8ms)
				SetLoadedEditorAssemblies (0ms)
				RefreshPlugins (72ms)
				BeforeProcessingInitializeOnLoad (161ms)
				ProcessInitializeOnLoadAttributes (839ms)
				ProcessInitializeOnLoadMethodAttributes (30ms)
				AfterProcessingInitializeOnLoad (13ms)
				EditorAssembliesLoaded (0ms)
			ExecutionOrderSort2 (0ms)
			AwakeInstancesAfterBackupRestoration (13ms)
Platform modules already initialized, skipping
========================================================================
Worker process is ready to serve import requests
Launched and connected shader compiler UnityShaderCompiler.exe after 0.19 seconds
Refreshing native plugins compatible for Editor in 1.17 ms, found 3 plugins.
Preloading 0 native plugins for Editor in 0.00 ms.
Unloading 2094 Unused Serialized files (Serialized files now loaded: 0)
System memory in use before: 93.9 MB.
System memory in use after: 94.0 MB.

Unloading 26 unused Assets to reduce memory usage. Loaded Objects now: 2533.
Total: 6.015000 ms (FindLiveObjects: 0.528800 ms CreateObjectMapping: 0.165300 ms MarkObjects: 5.189400 ms  DeleteObjects: 0.129400 ms)

AssetImportParameters requested are different than current active one (requested -> active):
  custom:framework-win-MediaFoundation: 216162199b28c13a410421893ffa2e32 -> 
  custom:video-decoder-ogg-theora: a1e56fd34408186e4bbccfd4996cb3dc -> 
  custom:container-muxer-webm: aa71ff27fc2769a1b78a27578f13a17b -> 
  custom:container-demuxer-webm: 4f35f7cbe854078d1ac9338744f61a02 -> 
  custom:container-demuxer-ogg: 62fdf1f143b41e24485cea50d1cbac27 -> 
  custom:video-encoder-webm-vp8: eb34c28f22e8b96e1ab97ce403110664 -> 
  custom:video-decoder-webm-vp8: 9c59270c3fd7afecdb556c50c9e8de78 -> 
  custom:audio-decoder-ogg-vorbis: bf7c407c2cedff20999df2af8eb42d56 -> 
  custom:audio-encoder-webm-vorbis: bf7c407c2cedff20999df2af8eb42d56 -> 
========================================================================
Received Import Request.
  path: Assets/scripts/FishGame.cs
  artifactKey: Guid(eeef6462c81f89145b3fe0da5eb8260a) Importer(815301076,1909f56bfc062723c751e8b465ee728b)
Start importing Assets/scripts/FishGame.cs using Guid(eeef6462c81f89145b3fe0da5eb8260a) Importer(815301076,1909f56bfc062723c751e8b465ee728b)  -> (artifact id: '00000000000000000000000000000000') in 0.084604 seconds  code(4) message(Build asset version error: assets/scripts/fishgame.cs in SourceAssetDB has modification time of '2023-01-18T14:16:01.6681141Z' while content on disk has modification time of '2023-01-19T18:45:44.7901171Z')
  ERROR: Build asset version error: assets/scripts/fishgame.cs in SourceAssetDB has modification time of '2023-01-18T14:16:01.6681141Z' while content on disk has modification time of '2023-01-19T18:45:44.7901171Z'
  Import took 0.089583 seconds .

========================================================================
Received Import Request.
  Time since last request: 0.010238 seconds.
  path: Assets/scripts/FishGame.cs
  artifactKey: Guid(eeef6462c81f89145b3fe0da5eb8260a) Importer(815301076,1909f56bfc062723c751e8b465ee728b)
Start importing Assets/scripts/FishGame.cs using Guid(eeef6462c81f89145b3fe0da5eb8260a) Importer(815301076,1909f56bfc062723c751e8b465ee728b)  -> (artifact id: '00000000000000000000000000000000') in 0.000484 seconds  code(4) message(Build asset version error: assets/scripts/fishgame.cs in SourceAssetDB has modification time of '2023-01-18T14:16:01.6681141Z' while content on disk has modification time of '2023-01-19T18:45:44.7901171Z')
  ERROR: Build asset version error: assets/scripts/fishgame.cs in SourceAssetDB has modification time of '2023-01-18T14:16:01.6681141Z' while content on disk has modification time of '2023-01-19T18:45:44.7901171Z'
  Import took 0.007728 seconds .

========================================================================
Received Import Request.
  Time since last request: 0.061961 seconds.
  path: Assets/scripts/FishGame.cs
  artifactKey: Guid(eeef6462c81f89145b3fe0da5eb8260a) Importer(815301076,1909f56bfc062723c751e8b465ee728b)
Start importing Assets/scripts/FishGame.cs using Guid(eeef6462c81f89145b3fe0da5eb8260a) Importer(815301076,1909f56bfc062723c751e8b465ee728b)  -> (artifact id: '00000000000000000000000000000000') in 0.000856 seconds  code(4) message(Build asset version error: assets/scripts/fishgame.cs in SourceAssetDB has modification time of '2023-01-18T14:16:01.6681141Z' while content on disk has modification time of '2023-01-19T18:46:15.6835376Z')
  ERROR: Build asset version error: assets/scripts/fishgame.cs in SourceAssetDB has modification time of '2023-01-18T14:16:01.6681141Z' while content on disk has modification time of '2023-01-19T18:46:15.6835376Z'
  Import took 0.012832 seconds .

========================================================================
Received Import Request.
  Time since last request: 0.031578 seconds.
  path: Assets/scripts/FishGame.cs
  artifactKey: Guid(eeef6462c81f89145b3fe0da5eb8260a) Importer(815301076,1909f56bfc062723c751e8b465ee728b)
Start importing Assets/scripts/FishGame.cs using Guid(eeef6462c81f89145b3fe0da5eb8260a) Importer(815301076,1909f56bfc062723c751e8b465ee728b)  -> (artifact id: '00000000000000000000000000000000') in 0.000911 seconds  code(4) message(Build asset version error: assets/scripts/fishgame.cs in SourceAssetDB has modification time of '2023-01-18T14:16:01.6681141Z' while content on disk has modification time of '2023-01-19T18:46:15.6835376Z')
  ERROR: Build asset version error: assets/scripts/fishgame.cs in SourceAssetDB has modification time of '2023-01-18T14:16:01.6681141Z' while content on disk has modification time of '2023-01-19T18:46:15.6835376Z'
  Import took 0.011159 seconds .

========================================================================
Received Import Request.
  Time since last request: 0.023084 seconds.
  path: Assets/scripts/FishGame.cs
  artifactKey: Guid(eeef6462c81f89145b3fe0da5eb8260a) Importer(815301076,1909f56bfc062723c751e8b465ee728b)
Start importing Assets/scripts/FishGame.cs using Guid(eeef6462c81f89145b3fe0da5eb8260a) Importer(815301076,1909f56bfc062723c751e8b465ee728b)  -> (artifact id: '00000000000000000000000000000000') in 0.001376 seconds  code(4) message(Build asset version error: assets/scripts/fishgame.cs in SourceAssetDB has modification time of '2023-01-18T14:16:01.6681141Z' while content on disk has modification time of '2023-01-19T18:46:15.6835376Z')
  ERROR: Build asset version error: assets/scripts/fishgame.cs in SourceAssetDB has modification time of '2023-01-18T14:16:01.6681141Z' while content on disk has modification time of '2023-01-19T18:46:15.6835376Z'
  Import took 0.013123 seconds .

========================================================================
Received Import Request.
  Time since last request: 0.027244 seconds.
  path: Assets/scripts/FishGame.cs
  artifactKey: Guid(eeef6462c81f89145b3fe0da5eb8260a) Importer(815301076,1909f56bfc062723c751e8b465ee728b)
Start importing Assets/scripts/FishGame.cs using Guid(eeef6462c81f89145b3fe0da5eb8260a) Importer(815301076,1909f56bfc062723c751e8b465ee728b)  -> (artifact id: '00000000000000000000000000000000') in 0.001101 seconds  code(4) message(Build asset version error: assets/scripts/fishgame.cs in SourceAssetDB has modification time of '2023-01-18T14:16:01.6681141Z' while content on disk has modification time of '2023-01-19T18:46:15.6835376Z')
  ERROR: Build asset version error: assets/scripts/fishgame.cs in SourceAssetDB has modification time of '2023-01-18T14:16:01.6681141Z' while content on disk has modification time of '2023-01-19T18:46:15.6835376Z'
  Import took 0.010646 seconds .

========================================================================
Received Import Request.
  Time since last request: 0.027612 seconds.
  path: Assets/scripts/FishGame.cs
  artifactKey: Guid(eeef6462c81f89145b3fe0da5eb8260a) Importer(815301076,1909f56bfc062723c751e8b465ee728b)
Start importing Assets/scripts/FishGame.cs using Guid(eeef6462c81f89145b3fe0da5eb8260a) Importer(815301076,1909f56bfc062723c751e8b465ee728b)  -> (artifact id: '00000000000000000000000000000000') in 0.000873 seconds  code(4) message(Build asset version error: assets/scripts/fishgame.cs in SourceAssetDB has modification time of '2023-01-18T14:16:01.6681141Z' while content on disk has modification time of '2023-01-19T18:46:15.6835376Z')
  ERROR: Build asset version error: assets/scripts/fishgame.cs in SourceAssetDB has modification time of '2023-01-18T14:16:01.6681141Z' while content on disk has modification time of '2023-01-19T18:46:15.6835376Z'
  Import took 0.009019 seconds .

========================================================================
Received Import Request.
  Time since last request: 0.020058 seconds.
  path: Assets/scripts/FishGame.cs
  artifactKey: Guid(eeef6462c81f89145b3fe0da5eb8260a) Importer(815301076,1909f56bfc062723c751e8b465ee728b)
Start importing Assets/scripts/FishGame.cs using Guid(eeef6462c81f89145b3fe0da5eb8260a) Importer(815301076,1909f56bfc062723c751e8b465ee728b)  -> (artifact id: '00000000000000000000000000000000') in 0.000867 seconds  code(4) message(Build asset version error: assets/scripts/fishgame.cs in SourceAssetDB has modification time of '2023-01-18T14:16:01.6681141Z' while content on disk has modification time of '2023-01-19T18:46:15.6835376Z')
  ERROR: Build asset version error: assets/scripts/fishgame.cs in SourceAssetDB has modification time of '2023-01-18T14:16:01.6681141Z' while content on disk has modification time of '2023-01-19T18:46:15.6835376Z'
  Import took 0.008408 seconds .

========================================================================
Received Import Request.
  Time since last request: 0.019556 seconds.
  path: Assets/scripts/FishGame.cs
  artifactKey: Guid(eeef6462c81f89145b3fe0da5eb8260a) Importer(815301076,1909f56bfc062723c751e8b465ee728b)
Start importing Assets/scripts/FishGame.cs using Guid(eeef6462c81f89145b3fe0da5eb8260a) Importer(815301076,1909f56bfc062723c751e8b465ee728b)  -> (artifact id: '00000000000000000000000000000000') in 0.000751 seconds  code(4) message(Build asset version error: assets/scripts/fishgame.cs in SourceAssetDB has modification time of '2023-01-18T14:16:01.6681141Z' while content on disk has modification time of '2023-01-19T18:46:15.6835376Z')
  ERROR: Build asset version error: assets/scripts/fishgame.cs in SourceAssetDB has modification time of '2023-01-18T14:16:01.6681141Z' while content on disk has modification time of '2023-01-19T18:46:15.6835376Z'
  Import took 0.009525 seconds .

========================================================================
Received Import Request.
  Time since last request: 0.018941 seconds.
  path: Assets/scripts/FishGame.cs
  artifactKey: Guid(eeef6462c81f89145b3fe0da5eb8260a) Importer(815301076,1909f56bfc062723c751e8b465ee728b)
Start importing Assets/scripts/FishGame.cs using Guid(eeef6462c81f89145b3fe0da5eb8260a) Importer(815301076,1909f56bfc062723c751e8b465ee728b)  -> (artifact id: '00000000000000000000000000000000') in 0.000613 seconds  code(4) message(Build asset version error: assets/scripts/fishgame.cs in SourceAssetDB has modification time of '2023-01-18T14:16:01.6681141Z' while content on disk has modification time of '2023-01-19T18:46:15.6835376Z')
  ERROR: Build asset version error: assets/scripts/fishgame.cs in SourceAssetDB has modification time of '2023-01-18T14:16:01.6681141Z' while content on disk has modification time of '2023-01-19T18:46:15.6835376Z'
  Import took 0.007337 seconds .

========================================================================
Received Import Request.
  Time since last request: 0.025111 seconds.
  path: Assets/scripts/FishGame.cs
  artifactKey: Guid(eeef6462c81f89145b3fe0da5eb8260a) Importer(815301076,1909f56bfc062723c751e8b465ee728b)
Start importing Assets/scripts/FishGame.cs using Guid(eeef6462c81f89145b3fe0da5eb8260a) Importer(815301076,1909f56bfc062723c751e8b465ee728b)  -> (artifact id: '00000000000000000000000000000000') in 0.001620 seconds  code(4) message(Build asset version error: assets/scripts/fishgame.cs in SourceAssetDB has modification time of '2023-01-18T14:16:01.6681141Z' while content on disk has modification time of '2023-01-19T18:46:15.6835376Z')
  ERROR: Build asset version error: assets/scripts/fishgame.cs in SourceAssetDB has modification time of '2023-01-18T14:16:01.6681141Z' while content on disk has modification time of '2023-01-19T18:46:15.6835376Z'
  Import took 0.011813 seconds .

========================================================================
Received Import Request.
  Time since last request: 0.031844 seconds.
  path: Assets/scripts/FishGame.cs
  artifactKey: Guid(eeef6462c81f89145b3fe0da5eb8260a) Importer(815301076,1909f56bfc062723c751e8b465ee728b)
Start importing Assets/scripts/FishGame.cs using Guid(eeef6462c81f89145b3fe0da5eb8260a) Importer(815301076,1909f56bfc062723c751e8b465ee728b)  -> (artifact id: '00000000000000000000000000000000') in 0.000993 seconds  code(4) message(Build asset version error: assets/scripts/fishgame.cs in SourceAssetDB has modification time of '2023-01-18T14:16:01.6681141Z' while content on disk has modification time of '2023-01-19T18:46:15.6835376Z')
  ERROR: Build asset version error: assets/scripts/fishgame.cs in SourceAssetDB has modification time of '2023-01-18T14:16:01.6681141Z' while content on disk has modification time of '2023-01-19T18:46:15.6835376Z'
  Import took 0.013552 seconds .

========================================================================
Received Import Request.
  Time since last request: 0.037392 seconds.
  path: Assets/scripts/FishGame.cs
  artifactKey: Guid(eeef6462c81f89145b3fe0da5eb8260a) Importer(815301076,1909f56bfc062723c751e8b465ee728b)
Start importing Assets/scripts/FishGame.cs using Guid(eeef6462c81f89145b3fe0da5eb8260a) Importer(815301076,1909f56bfc062723c751e8b465ee728b)  -> (artifact id: '00000000000000000000000000000000') in 0.001218 seconds  code(4) message(Build asset version error: assets/scripts/fishgame.cs in SourceAssetDB has modification time of '2023-01-18T14:16:01.6681141Z' while content on disk has modification time of '2023-01-19T18:46:15.6835376Z')
  ERROR: Build asset version error: assets/scripts/fishgame.cs in SourceAssetDB has modification time of '2023-01-18T14:16:01.6681141Z' while content on disk has modification time of '2023-01-19T18:46:15.6835376Z'
  Import took 0.023620 seconds .

========================================================================
Received Import Request.
  Time since last request: 0.020242 seconds.
  path: Assets/scripts/FishGame.cs
  artifactKey: Guid(eeef6462c81f89145b3fe0da5eb8260a) Importer(815301076,1909f56bfc062723c751e8b465ee728b)
Start importing Assets/scripts/FishGame.cs using Guid(eeef6462c81f89145b3fe0da5eb8260a) Importer(815301076,1909f56bfc062723c751e8b465ee728b)  -> (artifact id: '00000000000000000000000000000000') in 0.000889 seconds  code(4) message(Build asset version error: assets/scripts/fishgame.cs in SourceAssetDB has modification time of '2023-01-18T14:16:01.6681141Z' while content on disk has modification time of '2023-01-19T18:46:15.6835376Z')
  ERROR: Build asset version error: assets/scripts/fishgame.cs in SourceAssetDB has modification time of '2023-01-18T14:16:01.6681141Z' while content on disk has modification time of '2023-01-19T18:46:15.6835376Z'
  Import took 0.013094 seconds .

========================================================================
Received Import Request.
  Time since last request: 0.025316 seconds.
  path: Assets/scripts/FishGame.cs
  artifactKey: Guid(eeef6462c81f89145b3fe0da5eb8260a) Importer(815301076,1909f56bfc062723c751e8b465ee728b)
Start importing Assets/scripts/FishGame.cs using Guid(eeef6462c81f89145b3fe0da5eb8260a) Importer(815301076,1909f56bfc062723c751e8b465ee728b)  -> (artifact id: '00000000000000000000000000000000') in 0.000869 seconds  code(4) message(Build asset version error: assets/scripts/fishgame.cs in SourceAssetDB has modification time of '2023-01-18T14:16:01.6681141Z' while content on disk has modification time of '2023-01-19T18:46:15.6835376Z')
  ERROR: Build asset version error: assets/scripts/fishgame.cs in SourceAssetDB has modification time of '2023-01-18T14:16:01.6681141Z' while content on disk has modification time of '2023-01-19T18:46:15.6835376Z'
  Import took 0.014228 seconds .

========================================================================
Received Import Request.
  Time since last request: 0.029413 seconds.
  path: Assets/scripts/FishGame.cs
  artifactKey: Guid(eeef6462c81f89145b3fe0da5eb8260a) Importer(815301076,1909f56bfc062723c751e8b465ee728b)
Start importing Assets/scripts/FishGame.cs using Guid(eeef6462c81f89145b3fe0da5eb8260a) Importer(815301076,1909f56bfc062723c751e8b465ee728b)  -> (artifact id: '00000000000000000000000000000000') in 0.000706 seconds  code(4) message(Build asset version error: assets/scripts/fishgame.cs in SourceAssetDB has modification time of '2023-01-18T14:16:01.6681141Z' while content on disk has modification time of '2023-01-19T18:46:15.6835376Z')
  ERROR: Build asset version error: assets/scripts/fishgame.cs in SourceAssetDB has modification time of '2023-01-18T14:16:01.6681141Z' while content on disk has modification time of '2023-01-19T18:46:15.6835376Z'
  Import took 0.027064 seconds .

========================================================================
Received Import Request.
  Time since last request: 0.012908 seconds.
  path: Assets/scripts/FishGame.cs
  artifactKey: Guid(eeef6462c81f89145b3fe0da5eb8260a) Importer(815301076,1909f56bfc062723c751e8b465ee728b)
Start importing Assets/scripts/FishGame.cs using Guid(eeef6462c81f89145b3fe0da5eb8260a) Importer(815301076,1909f56bfc062723c751e8b465ee728b)  -> (artifact id: '00000000000000000000000000000000') in 0.000939 seconds  code(4) message(Build asset version error: assets/scripts/fishgame.cs in SourceAssetDB has modification time of '2023-01-18T14:16:01.6681141Z' while content on disk has modification time of '2023-01-19T18:46:15.6835376Z')
  ERROR: Build asset version error: assets/scripts/fishgame.cs in SourceAssetDB has modification time of '2023-01-18T14:16:01.6681141Z' while content on disk has modification time of '2023-01-19T18:46:15.6835376Z'
  Import took 0.019285 seconds .

========================================================================
Received Import Request.
  Time since last request: 0.035040 seconds.
  path: Assets/scripts/FishGame.cs
  artifactKey: Guid(eeef6462c81f89145b3fe0da5eb8260a) Importer(815301076,1909f56bfc062723c751e8b465ee728b)
Start importing Assets/scripts/FishGame.cs using Guid(eeef6462c81f89145b3fe0da5eb8260a) Importer(815301076,1909f56bfc062723c751e8b465ee728b)  -> (artifact id: '00000000000000000000000000000000') in 0.000623 seconds  code(4) message(Build asset version error: assets/scripts/fishgame.cs in SourceAssetDB has modification time of '2023-01-18T14:16:01.6681141Z' while content on disk has modification time of '2023-01-19T18:46:15.6835376Z')
  ERROR: Build asset version error: assets/scripts/fishgame.cs in SourceAssetDB has modification time of '2023-01-18T14:16:01.6681141Z' while content on disk has modification time of '2023-01-19T18:46:15.6835376Z'
  Import took 0.008917 seconds .

========================================================================
Received Import Request.
  Time since last request: 0.021856 seconds.
  path: Assets/scripts/FishGame.cs
  artifactKey: Guid(eeef6462c81f89145b3fe0da5eb8260a) Importer(815301076,1909f56bfc062723c751e8b465ee728b)
Start importing Assets/scripts/FishGame.cs using Guid(eeef6462c81f89145b3fe0da5eb8260a) Importer(815301076,1909f56bfc062723c751e8b465ee728b)  -> (artifact id: '00000000000000000000000000000000') in 0.000991 seconds  code(4) message(Build asset version error: assets/scripts/fishgame.cs in SourceAssetDB has modification time of '2023-01-18T14:16:01.6681141Z' while content on disk has modification time of '2023-01-19T18:46:15.6835376Z')
  ERROR: Build asset version error: assets/scripts/fishgame.cs in SourceAssetDB has modification time of '2023-01-18T14:16:01.6681141Z' while content on disk has modification time of '2023-01-19T18:46:15.6835376Z'
  Import took 0.011509 seconds .

========================================================================
Received Import Request.
  Time since last request: 0.018890 seconds.
  path: Assets/scripts/FishGame.cs
  artifactKey: Guid(eeef6462c81f89145b3fe0da5eb8260a) Importer(815301076,1909f56bfc062723c751e8b465ee728b)
Start importing Assets/scripts/FishGame.cs using Guid(eeef6462c81f89145b3fe0da5eb8260a) Importer(815301076,1909f56bfc062723c751e8b465ee728b)  -> (artifact id: '00000000000000000000000000000000') in 0.001095 seconds  code(4) message(Build asset version error: assets/scripts/fishgame.cs in SourceAssetDB has modification time of '2023-01-18T14:16:01.6681141Z' while content on disk has modification time of '2023-01-19T18:46:15.6835376Z')
  ERROR: Build asset version error: assets/scripts/fishgame.cs in SourceAssetDB has modification time of '2023-01-18T14:16:01.6681141Z' while content on disk has modification time of '2023-01-19T18:46:15.6835376Z'
  Import took 0.008912 seconds .

========================================================================
Received Import Request.
  Time since last request: 0.019918 seconds.
  path: Assets/scripts/FishGame.cs
  artifactKey: Guid(eeef6462c81f89145b3fe0da5eb8260a) Importer(815301076,1909f56bfc062723c751e8b465ee728b)
Start importing Assets/scripts/FishGame.cs using Guid(eeef6462c81f89145b3fe0da5eb8260a) Importer(815301076,1909f56bfc062723c751e8b465ee728b)  -> (artifact id: '00000000000000000000000000000000') in 0.001493 seconds  code(4) message(Build asset version error: assets/scripts/fishgame.cs in SourceAssetDB has modification time of '2023-01-18T14:16:01.6681141Z' while content on disk has modification time of '2023-01-19T18:46:15.6835376Z')
  ERROR: Build asset version error: assets/scripts/fishgame.cs in SourceAssetDB has modification time of '2023-01-18T14:16:01.6681141Z' while content on disk has modification time of '2023-01-19T18:46:15.6835376Z'
  Import took 0.008134 seconds .

========================================================================
Received Import Request.
  Time since last request: 0.019060 seconds.
  path: Assets/scripts/FishGame.cs
  artifactKey: Guid(eeef6462c81f89145b3fe0da5eb8260a) Importer(815301076,1909f56bfc062723c751e8b465ee728b)
Start importing Assets/scripts/FishGame.cs using Guid(eeef6462c81f89145b3fe0da5eb8260a) Importer(815301076,1909f56bfc062723c751e8b465ee728b)  -> (artifact id: '00000000000000000000000000000000') in 0.000841 seconds  code(4) message(Build asset version error: assets/scripts/fishgame.cs in SourceAssetDB has modification time of '2023-01-18T14:16:01.6681141Z' while content on disk has modification time of '2023-01-19T18:46:15.6835376Z')
  ERROR: Build asset version error: assets/scripts/fishgame.cs in SourceAssetDB has modification time of '2023-01-18T14:16:01.6681141Z' while content on disk has modification time of '2023-01-19T18:46:15.6835376Z'
  Import took 0.013772 seconds .

========================================================================
Received Import Request.
  Time since last request: 0.028216 seconds.
  path: Assets/scripts/FishGame.cs
  artifactKey: Guid(eeef6462c81f89145b3fe0da5eb8260a) Importer(815301076,1909f56bfc062723c751e8b465ee728b)
Start importing Assets/scripts/FishGame.cs using Guid(eeef6462c81f89145b3fe0da5eb8260a) Importer(815301076,1909f56bfc062723c751e8b465ee728b)  -> (artifact id: '00000000000000000000000000000000') in 0.001093 seconds  code(4) message(Build asset version error: assets/scripts/fishgame.cs in SourceAssetDB has modification time of '2023-01-18T14:16:01.6681141Z' while content on disk has modification time of '2023-01-19T18:46:15.6835376Z')
  ERROR: Build asset version error: assets/scripts/fishgame.cs in SourceAssetDB has modification time of '2023-01-18T14:16:01.6681141Z' while content on disk has modification time of '2023-01-19T18:46:15.6835376Z'
  Import took 0.023521 seconds .

========================================================================
Received Import Request.
  Time since last request: 0.023307 seconds.
  path: Assets/scripts/FishGame.cs
  artifactKey: Guid(eeef6462c81f89145b3fe0da5eb8260a) Importer(815301076,1909f56bfc062723c751e8b465ee728b)
Start importing Assets/scripts/FishGame.cs using Guid(eeef6462c81f89145b3fe0da5eb8260a) Importer(815301076,1909f56bfc062723c751e8b465ee728b)  -> (artifact id: '00000000000000000000000000000000') in 0.000881 seconds  code(4) message(Build asset version error: assets/scripts/fishgame.cs in SourceAssetDB has modification time of '2023-01-18T14:16:01.6681141Z' while content on disk has modification time of '2023-01-19T18:46:15.6835376Z')
  ERROR: Build asset version error: assets/scripts/fishgame.cs in SourceAssetDB has modification time of '2023-01-18T14:16:01.6681141Z' while content on disk has modification time of '2023-01-19T18:46:15.6835376Z'
  Import took 0.011776 seconds .

========================================================================
Received Import Request.
  Time since last request: 0.028726 seconds.
  path: Assets/scripts/FishGame.cs
  artifactKey: Guid(eeef6462c81f89145b3fe0da5eb8260a) Importer(815301076,1909f56bfc062723c751e8b465ee728b)
Start importing Assets/scripts/FishGame.cs using Guid(eeef6462c81f89145b3fe0da5eb8260a) Importer(815301076,1909f56bfc062723c751e8b465ee728b)  -> (artifact id: '00000000000000000000000000000000') in 0.001685 seconds  code(4) message(Build asset version error: assets/scripts/fishgame.cs in SourceAssetDB has modification time of '2023-01-18T14:16:01.6681141Z' while content on disk has modification time of '2023-01-19T18:46:15.6835376Z')
  ERROR: Build asset version error: assets/scripts/fishgame.cs in SourceAssetDB has modification time of '2023-01-18T14:16:01.6681141Z' while content on disk has modification time of '2023-01-19T18:46:15.6835376Z'
  Import took 0.033826 seconds .

========================================================================
Received Import Request.
  Time since last request: 0.016578 seconds.
  path: Assets/scripts/FishGame.cs
  artifactKey: Guid(eeef6462c81f89145b3fe0da5eb8260a) Importer(815301076,1909f56bfc062723c751e8b465ee728b)
Start importing Assets/scripts/FishGame.cs using Guid(eeef6462c81f89145b3fe0da5eb8260a) Importer(815301076,1909f56bfc062723c751e8b465ee728b)  -> (artifact id: '00000000000000000000000000000000') in 0.002682 seconds  code(4) message(Build asset version error: assets/scripts/fishgame.cs in SourceAssetDB has modification time of '2023-01-18T14:16:01.6681141Z' while content on disk has modification time of '2023-01-19T18:46:15.6835376Z')
  ERROR: Build asset version error: assets/scripts/fishgame.cs in SourceAssetDB has modification time of '2023-01-18T14:16:01.6681141Z' while content on disk has modification time of '2023-01-19T18:46:15.6835376Z'
  Import took 0.016274 seconds .

========================================================================
Received Import Request.
  Time since last request: 0.029178 seconds.
  path: Assets/scripts/FishGame.cs
  artifactKey: Guid(eeef6462c81f89145b3fe0da5eb8260a) Importer(815301076,1909f56bfc062723c751e8b465ee728b)
Start importing Assets/scripts/FishGame.cs using Guid(eeef6462c81f89145b3fe0da5eb8260a) Importer(815301076,1909f56bfc062723c751e8b465ee728b)  -> (artifact id: '00000000000000000000000000000000') in 0.000851 seconds  code(4) message(Build asset version error: assets/scripts/fishgame.cs in SourceAssetDB has modification time of '2023-01-18T14:16:01.6681141Z' while content on disk has modification time of '2023-01-19T18:46:15.6835376Z')
  ERROR: Build asset version error: assets/scripts/fishgame.cs in SourceAssetDB has modification time of '2023-01-18T14:16:01.6681141Z' while content on disk has modification time of '2023-01-19T18:46:15.6835376Z'
  Import took 0.017736 seconds .

========================================================================
Received Import Request.
  Time since last request: 0.032285 seconds.
  path: Assets/scripts/FishGame.cs
  artifactKey: Guid(eeef6462c81f89145b3fe0da5eb8260a) Importer(815301076,1909f56bfc062723c751e8b465ee728b)
Start importing Assets/scripts/FishGame.cs using Guid(eeef6462c81f89145b3fe0da5eb8260a) Importer(815301076,1909f56bfc062723c751e8b465ee728b)  -> (artifact id: '00000000000000000000000000000000') in 0.001518 seconds  code(4) message(Build asset version error: assets/scripts/fishgame.cs in SourceAssetDB has modification time of '2023-01-18T14:16:01.6681141Z' while content on disk has modification time of '2023-01-19T18:46:15.6835376Z')
  ERROR: Build asset version error: assets/scripts/fishgame.cs in SourceAssetDB has modification time of '2023-01-18T14:16:01.6681141Z' while content on disk has modification time of '2023-01-19T18:46:15.6835376Z'
  Import took 0.027588 seconds .

========================================================================
Received Import Request.
  Time since last request: 0.021764 seconds.
  path: Assets/scripts/FishGame.cs
  artifactKey: Guid(eeef6462c81f89145b3fe0da5eb8260a) Importer(815301076,1909f56bfc062723c751e8b465ee728b)
Start importing Assets/scripts/FishGame.cs using Guid(eeef6462c81f89145b3fe0da5eb8260a) Importer(815301076,1909f56bfc062723c751e8b465ee728b)  -> (artifact id: '00000000000000000000000000000000') in 0.000606 seconds  code(4) message(Build asset version error: assets/scripts/fishgame.cs in SourceAssetDB has modification time of '2023-01-18T14:16:01.6681141Z' while content on disk has modification time of '2023-01-19T18:46:15.6835376Z')
  ERROR: Build asset version error: assets/scripts/fishgame.cs in SourceAssetDB has modification time of '2023-01-18T14:16:01.6681141Z' while content on disk has modification time of '2023-01-19T18:46:15.6835376Z'
  Import took 0.015048 seconds .

========================================================================
Received Import Request.
  Time since last request: 0.051508 seconds.
  path: Assets/scripts/FishGame.cs
  artifactKey: Guid(eeef6462c81f89145b3fe0da5eb8260a) Importer(815301076,1909f56bfc062723c751e8b465ee728b)
Start importing Assets/scripts/FishGame.cs using Guid(eeef6462c81f89145b3fe0da5eb8260a) Importer(815301076,1909f56bfc062723c751e8b465ee728b)  -> (artifact id: '00000000000000000000000000000000') in 0.001728 seconds  code(4) message(Build asset version error: assets/scripts/fishgame.cs in SourceAssetDB has modification time of '2023-01-18T14:16:01.6681141Z' while content on disk has modification time of '2023-01-19T18:46:15.6835376Z')
  ERROR: Build asset version error: assets/scripts/fishgame.cs in SourceAssetDB has modification time of '2023-01-18T14:16:01.6681141Z' while content on disk has modification time of '2023-01-19T18:46:15.6835376Z'
  Import took 0.017556 seconds .

========================================================================
Received Import Request.
  Time since last request: 0.027609 seconds.
  path: Assets/scripts/FishGame.cs
  artifactKey: Guid(eeef6462c81f89145b3fe0da5eb8260a) Importer(815301076,1909f56bfc062723c751e8b465ee728b)
Start importing Assets/scripts/FishGame.cs using Guid(eeef6462c81f89145b3fe0da5eb8260a) Importer(815301076,1909f56bfc062723c751e8b465ee728b)  -> (artifact id: '00000000000000000000000000000000') in 0.000762 seconds  code(4) message(Build asset version error: assets/scripts/fishgame.cs in SourceAssetDB has modification time of '2023-01-18T14:16:01.6681141Z' while content on disk has modification time of '2023-01-19T18:46:15.6835376Z')
  ERROR: Build asset version error: assets/scripts/fishgame.cs in SourceAssetDB has modification time of '2023-01-18T14:16:01.6681141Z' while content on disk has modification time of '2023-01-19T18:46:15.6835376Z'
  Import took 0.009632 seconds .

========================================================================
Received Import Request.
  Time since last request: 0.029760 seconds.
  path: Assets/scripts/FishGame.cs
  artifactKey: Guid(eeef6462c81f89145b3fe0da5eb8260a) Importer(815301076,1909f56bfc062723c751e8b465ee728b)
Start importing Assets/scripts/FishGame.cs using Guid(eeef6462c81f89145b3fe0da5eb8260a) Importer(815301076,1909f56bfc062723c751e8b465ee728b)  -> (artifact id: '00000000000000000000000000000000') in 0.003336 seconds  code(4) message(Build asset version error: assets/scripts/fishgame.cs in SourceAssetDB has modification time of '2023-01-18T14:16:01.6681141Z' while content on disk has modification time of '2023-01-19T18:46:15.6835376Z')
  ERROR: Build asset version error: assets/scripts/fishgame.cs in SourceAssetDB has modification time of '2023-01-18T14:16:01.6681141Z' while content on disk has modification time of '2023-01-19T18:46:15.6835376Z'
  Import took 0.016407 seconds .

========================================================================
Received Import Request.
  Time since last request: 0.029225 seconds.
  path: Assets/scripts/FishGame.cs
  artifactKey: Guid(eeef6462c81f89145b3fe0da5eb8260a) Importer(815301076,1909f56bfc062723c751e8b465ee728b)
Start importing Assets/scripts/FishGame.cs using Guid(eeef6462c81f89145b3fe0da5eb8260a) Importer(815301076,1909f56bfc062723c751e8b465ee728b)  -> (artifact id: '00000000000000000000000000000000') in 0.001010 seconds  code(4) message(Build asset version error: assets/scripts/fishgame.cs in SourceAssetDB has modification time of '2023-01-18T14:16:01.6681141Z' while content on disk has modification time of '2023-01-19T18:46:15.6835376Z')
  ERROR: Build asset version error: assets/scripts/fishgame.cs in SourceAssetDB has modification time of '2023-01-18T14:16:01.6681141Z' while content on disk has modification time of '2023-01-19T18:46:15.6835376Z'
  Import took 0.013945 seconds .

========================================================================
Received Import Request.
  Time since last request: 0.031824 seconds.
  path: Assets/scripts/FishGame.cs
  artifactKey: Guid(eeef6462c81f89145b3fe0da5eb8260a) Importer(815301076,1909f56bfc062723c751e8b465ee728b)
Start importing Assets/scripts/FishGame.cs using Guid(eeef6462c81f89145b3fe0da5eb8260a) Importer(815301076,1909f56bfc062723c751e8b465ee728b)  -> (artifact id: '00000000000000000000000000000000') in 0.001028 seconds  code(4) message(Build asset version error: assets/scripts/fishgame.cs in SourceAssetDB has modification time of '2023-01-18T14:16:01.6681141Z' while content on disk has modification time of '2023-01-19T18:46:15.6835376Z')
  ERROR: Build asset version error: assets/scripts/fishgame.cs in SourceAssetDB has modification time of '2023-01-18T14:16:01.6681141Z' while content on disk has modification time of '2023-01-19T18:46:15.6835376Z'
  Import took 0.011774 seconds .

========================================================================
Received Import Request.
  Time since last request: 0.031293 seconds.
  path: Assets/scripts/FishGame.cs
  artifactKey: Guid(eeef6462c81f89145b3fe0da5eb8260a) Importer(815301076,1909f56bfc062723c751e8b465ee728b)
Start importing Assets/scripts/FishGame.cs using Guid(eeef6462c81f89145b3fe0da5eb8260a) Importer(815301076,1909f56bfc062723c751e8b465ee728b)  -> (artifact id: '00000000000000000000000000000000') in 0.002163 seconds  code(4) message(Build asset version error: assets/scripts/fishgame.cs in SourceAssetDB has modification time of '2023-01-18T14:16:01.6681141Z' while content on disk has modification time of '2023-01-19T18:46:15.6835376Z')
  ERROR: Build asset version error: assets/scripts/fishgame.cs in SourceAssetDB has modification time of '2023-01-18T14:16:01.6681141Z' while content on disk has modification time of '2023-01-19T18:46:15.6835376Z'
  Import took 0.013788 seconds .

========================================================================
Received Import Request.
  Time since last request: 0.032414 seconds.
  path: Assets/scripts/FishGame.cs
  artifactKey: Guid(eeef6462c81f89145b3fe0da5eb8260a) Importer(815301076,1909f56bfc062723c751e8b465ee728b)
Start importing Assets/scripts/FishGame.cs using Guid(eeef6462c81f89145b3fe0da5eb8260a) Importer(815301076,1909f56bfc062723c751e8b465ee728b)  -> (artifact id: '00000000000000000000000000000000') in 0.002675 seconds  code(4) message(Build asset version error: assets/scripts/fishgame.cs in SourceAssetDB has modification time of '2023-01-18T14:16:01.6681141Z' while content on disk has modification time of '2023-01-19T18:46:15.6835376Z')
  ERROR: Build asset version error: assets/scripts/fishgame.cs in SourceAssetDB has modification time of '2023-01-18T14:16:01.6681141Z' while content on disk has modification time of '2023-01-19T18:46:15.6835376Z'
  Import took 0.014914 seconds .

========================================================================
Received Import Request.
  Time since last request: 0.027452 seconds.
  path: Assets/scripts/FishGame.cs
  artifactKey: Guid(eeef6462c81f89145b3fe0da5eb8260a) Importer(815301076,1909f56bfc062723c751e8b465ee728b)
Start importing Assets/scripts/FishGame.cs using Guid(eeef6462c81f89145b3fe0da5eb8260a) Importer(815301076,1909f56bfc062723c751e8b465ee728b)  -> (artifact id: '00000000000000000000000000000000') in 0.001317 seconds  code(4) message(Build asset version error: assets/scripts/fishgame.cs in SourceAssetDB has modification time of '2023-01-18T14:16:01.6681141Z' while content on disk has modification time of '2023-01-19T18:46:15.6835376Z')
  ERROR: Build asset version error: assets/scripts/fishgame.cs in SourceAssetDB has modification time of '2023-01-18T14:16:01.6681141Z' while content on disk has modification time of '2023-01-19T18:46:15.6835376Z'
  Import took 0.015162 seconds .

========================================================================
Received Import Request.
  Time since last request: 0.023839 seconds.
  path: Assets/scripts/FishGame.cs
  artifactKey: Guid(eeef6462c81f89145b3fe0da5eb8260a) Importer(815301076,1909f56bfc062723c751e8b465ee728b)
Start importing Assets/scripts/FishGame.cs using Guid(eeef6462c81f89145b3fe0da5eb8260a) Importer(815301076,1909f56bfc062723c751e8b465ee728b)  -> (artifact id: '00000000000000000000000000000000') in 0.001066 seconds  code(4) message(Build asset version error: assets/scripts/fishgame.cs in SourceAssetDB has modification time of '2023-01-18T14:16:01.6681141Z' while content on disk has modification time of '2023-01-19T18:46:15.6835376Z')
  ERROR: Build asset version error: assets/scripts/fishgame.cs in SourceAssetDB has modification time of '2023-01-18T14:16:01.6681141Z' while content on disk has modification time of '2023-01-19T18:46:15.6835376Z'
  Import took 0.012665 seconds .

========================================================================
Received Import Request.
  Time since last request: 0.030107 seconds.
  path: Assets/scripts/FishGame.cs
  artifactKey: Guid(eeef6462c81f89145b3fe0da5eb8260a) Importer(815301076,1909f56bfc062723c751e8b465ee728b)
Start importing Assets/scripts/FishGame.cs using Guid(eeef6462c81f89145b3fe0da5eb8260a) Importer(815301076,1909f56bfc062723c751e8b465ee728b)  -> (artifact id: '00000000000000000000000000000000') in 0.004597 seconds  code(4) message(Build asset version error: assets/scripts/fishgame.cs in SourceAssetDB has modification time of '2023-01-18T14:16:01.6681141Z' while content on disk has modification time of '2023-01-19T18:46:15.6835376Z')
  ERROR: Build asset version error: assets/scripts/fishgame.cs in SourceAssetDB has modification time of '2023-01-18T14:16:01.6681141Z' while content on disk has modification time of '2023-01-19T18:46:15.6835376Z'
  Import took 0.028601 seconds .

========================================================================
Received Import Request.
  Time since last request: 0.015492 seconds.
  path: Assets/scripts/FishGame.cs
  artifactKey: Guid(eeef6462c81f89145b3fe0da5eb8260a) Importer(815301076,1909f56bfc062723c751e8b465ee728b)
Start importing Assets/scripts/FishGame.cs using Guid(eeef6462c81f89145b3fe0da5eb8260a) Importer(815301076,1909f56bfc062723c751e8b465ee728b)  -> (artifact id: '00000000000000000000000000000000') in 0.000733 seconds  code(4) message(Build asset version error: assets/scripts/fishgame.cs in SourceAssetDB has modification time of '2023-01-18T14:16:01.6681141Z' while content on disk has modification time of '2023-01-19T18:46:15.6835376Z')
  ERROR: Build asset version error: assets/scripts/fishgame.cs in SourceAssetDB has modification time of '2023-01-18T14:16:01.6681141Z' while content on disk has modification time of '2023-01-19T18:46:15.6835376Z'
  Import took 0.011686 seconds .

========================================================================
Received Import Request.
  Time since last request: 0.030622 seconds.
  path: Assets/scripts/FishGame.cs
  artifactKey: Guid(eeef6462c81f89145b3fe0da5eb8260a) Importer(815301076,1909f56bfc062723c751e8b465ee728b)
Start importing Assets/scripts/FishGame.cs using Guid(eeef6462c81f89145b3fe0da5eb8260a) Importer(815301076,1909f56bfc062723c751e8b465ee728b)  -> (artifact id: '00000000000000000000000000000000') in 0.000505 seconds  code(4) message(Build asset version error: assets/scripts/fishgame.cs in SourceAssetDB has modification time of '2023-01-18T14:16:01.6681141Z' while content on disk has modification time of '2023-01-19T18:46:15.6835376Z')
  ERROR: Build asset version error: assets/scripts/fishgame.cs in SourceAssetDB has modification time of '2023-01-18T14:16:01.6681141Z' while content on disk has modification time of '2023-01-19T18:46:15.6835376Z'
  Import took 0.007206 seconds .

========================================================================
Received Prepare
Registering precompiled user dll's ...
Registered in 0.008016 seconds.
Begin MonoManager ReloadAssembly
Native extension for WindowsStandalone target not found
Refreshing native plugins compatible for Editor in 0.86 ms, found 3 plugins.
Preloading 0 native plugins for Editor in 0.00 ms.
Mono: successfully reloaded assembly
- Completed reload, in  2.509 seconds
Domain Reload Profiling:
	ReloadAssembly (2510ms)
		BeginReloadAssembly (330ms)
			ExecutionOrderSort (0ms)
			DisableScriptedObjects (22ms)
			BackupInstance (0ms)
			ReleaseScriptingObjects (0ms)
			CreateAndSetChildDomain (102ms)
		EndReloadAssembly (1986ms)
			LoadAssemblies (248ms)
			RebuildTransferFunctionScriptingTraits (0ms)
			SetupTypeCache (656ms)
			ReleaseScriptCaches (2ms)
			RebuildScriptCaches (122ms)
			SetupLoadedEditorAssemblies (698ms)
				LogAssemblyErrors (0ms)
				InitializePlatformSupportModulesInManaged (14ms)
				SetLoadedEditorAssemblies (2ms)
				RefreshPlugins (1ms)
				BeforeProcessingInitializeOnLoad (203ms)
				ProcessInitializeOnLoadAttributes (452ms)
				ProcessInitializeOnLoadMethodAttributes (13ms)
				AfterProcessingInitializeOnLoad (13ms)
				EditorAssembliesLoaded (0ms)
			ExecutionOrderSort2 (0ms)
			AwakeInstancesAfterBackupRestoration (20ms)
Platform modules already initialized, skipping
Refreshing native plugins compatible for Editor in 0.72 ms, found 3 plugins.
Preloading 0 native plugins for Editor in 0.00 ms.
Unloading 2084 Unused Serialized files (Serialized files now loaded: 0)
System memory in use before: 93.4 MB.
System memory in use after: 93.5 MB.

Unloading 14 unused Assets to reduce memory usage. Loaded Objects now: 2536.
Total: 6.043800 ms (FindLiveObjects: 0.363700 ms CreateObjectMapping: 0.161000 ms MarkObjects: 5.482500 ms  DeleteObjects: 0.034200 ms)

AssetImportParameters requested are different than current active one (requested -> active):
  custom:framework-win-MediaFoundation: 216162199b28c13a410421893ffa2e32 -> 
  custom:video-decoder-ogg-theora: a1e56fd34408186e4bbccfd4996cb3dc -> 
  custom:container-muxer-webm: aa71ff27fc2769a1b78a27578f13a17b -> 
  custom:container-demuxer-webm: 4f35f7cbe854078d1ac9338744f61a02 -> 
  custom:container-demuxer-ogg: 62fdf1f143b41e24485cea50d1cbac27 -> 
  custom:video-encoder-webm-vp8: eb34c28f22e8b96e1ab97ce403110664 -> 
  custom:video-decoder-webm-vp8: 9c59270c3fd7afecdb556c50c9e8de78 -> 
  custom:audio-decoder-ogg-vorbis: bf7c407c2cedff20999df2af8eb42d56 -> 
  custom:audio-encoder-webm-vorbis: bf7c407c2cedff20999df2af8eb42d56 -> 
========================================================================
Received Import Request.
  Time since last request: 24.456387 seconds.
  path: Assets/scripts/FishGame.cs
  artifactKey: Guid(eeef6462c81f89145b3fe0da5eb8260a) Importer(815301076,1909f56bfc062723c751e8b465ee728b)
Start importing Assets/scripts/FishGame.cs using Guid(eeef6462c81f89145b3fe0da5eb8260a) Importer(815301076,1909f56bfc062723c751e8b465ee728b)  -> (artifact id: 'fa67700d773233c0e3ac55cbaa58d20c') in 0.018374 seconds 
  Import took 0.026401 seconds .

========================================================================
Received Import Request.
  Time since last request: 0.212723 seconds.
  path: Assets/scripts/FishGame.cs
  artifactKey: Guid(eeef6462c81f89145b3fe0da5eb8260a) Importer(815301076,1909f56bfc062723c751e8b465ee728b)
Start importing Assets/scripts/FishGame.cs using Guid(eeef6462c81f89145b3fe0da5eb8260a) Importer(815301076,1909f56bfc062723c751e8b465ee728b)  -> (artifact id: 'fa67700d773233c0e3ac55cbaa58d20c') in 0.011861 seconds 
  Import took 0.026484 seconds .

========================================================================
Received Prepare
Registering precompiled user dll's ...
Registered in 0.018971 seconds.
Begin MonoManager ReloadAssembly
Native extension for WindowsStandalone target not found
Refreshing native plugins compatible for Editor in 0.74 ms, found 3 plugins.
Preloading 0 native plugins for Editor in 0.00 ms.
Mono: successfully reloaded assembly
- Completed reload, in  3.344 seconds
Domain Reload Profiling:
	ReloadAssembly (3345ms)
		BeginReloadAssembly (319ms)
			ExecutionOrderSort (0ms)
			DisableScriptedObjects (27ms)
			BackupInstance (0ms)
			ReleaseScriptingObjects (0ms)
			CreateAndSetChildDomain (95ms)
		EndReloadAssembly (2791ms)
			LoadAssemblies (373ms)
			RebuildTransferFunctionScriptingTraits (0ms)
			SetupTypeCache (917ms)
			ReleaseScriptCaches (3ms)
			RebuildScriptCaches (106ms)
			SetupLoadedEditorAssemblies (1126ms)
				LogAssemblyErrors (0ms)
				InitializePlatformSupportModulesInManaged (11ms)
				SetLoadedEditorAssemblies (1ms)
				RefreshPlugins (1ms)
				BeforeProcessingInitializeOnLoad (274ms)
				ProcessInitializeOnLoadAttributes (813ms)
				ProcessInitializeOnLoadMethodAttributes (12ms)
				AfterProcessingInitializeOnLoad (12ms)
				EditorAssembliesLoaded (0ms)
			ExecutionOrderSort2 (0ms)
			AwakeInstancesAfterBackupRestoration (34ms)
Platform modules already initialized, skipping
Refreshing native plugins compatible for Editor in 0.96 ms, found 3 plugins.
Preloading 0 native plugins for Editor in 0.00 ms.
Unloading 2084 Unused Serialized files (Serialized files now loaded: 0)
System memory in use before: 93.4 MB.
System memory in use after: 93.6 MB.

Unloading 14 unused Assets to reduce memory usage. Loaded Objects now: 2539.
Total: 9.107500 ms (FindLiveObjects: 0.311100 ms CreateObjectMapping: 0.151800 ms MarkObjects: 8.603300 ms  DeleteObjects: 0.038400 ms)

AssetImportParameters requested are different than current active one (requested -> active):
  custom:framework-win-MediaFoundation: 216162199b28c13a410421893ffa2e32 -> 
  custom:video-decoder-ogg-theora: a1e56fd34408186e4bbccfd4996cb3dc -> 
  custom:container-muxer-webm: aa71ff27fc2769a1b78a27578f13a17b -> 
  custom:container-demuxer-webm: 4f35f7cbe854078d1ac9338744f61a02 -> 
  custom:container-demuxer-ogg: 62fdf1f143b41e24485cea50d1cbac27 -> 
  custom:video-encoder-webm-vp8: eb34c28f22e8b96e1ab97ce403110664 -> 
  custom:video-decoder-webm-vp8: 9c59270c3fd7afecdb556c50c9e8de78 -> 
  custom:audio-decoder-ogg-vorbis: bf7c407c2cedff20999df2af8eb42d56 -> 
  custom:audio-encoder-webm-vorbis: bf7c407c2cedff20999df2af8eb42d56 -> 
========================================================================
Received Prepare
Registering precompiled user dll's ...
Registered in 0.007583 seconds.
Begin MonoManager ReloadAssembly
Native extension for WindowsStandalone target not found
Refreshing native plugins compatible for Editor in 0.88 ms, found 3 plugins.
Preloading 0 native plugins for Editor in 0.00 ms.
Mono: successfully reloaded assembly
- Completed reload, in  2.835 seconds
Domain Reload Profiling:
	ReloadAssembly (2836ms)
		BeginReloadAssembly (272ms)
			ExecutionOrderSort (0ms)
			DisableScriptedObjects (18ms)
			BackupInstance (0ms)
			ReleaseScriptingObjects (0ms)
			CreateAndSetChildDomain (76ms)
		EndReloadAssembly (2359ms)
			LoadAssemblies (241ms)
			RebuildTransferFunctionScriptingTraits (0ms)
			SetupTypeCache (829ms)
			ReleaseScriptCaches (2ms)
			RebuildScriptCaches (109ms)
			SetupLoadedEditorAssemblies (905ms)
				LogAssemblyErrors (0ms)
				InitializePlatformSupportModulesInManaged (16ms)
				SetLoadedEditorAssemblies (1ms)
				RefreshPlugins (1ms)
				BeforeProcessingInitializeOnLoad (284ms)
				ProcessInitializeOnLoadAttributes (572ms)
				ProcessInitializeOnLoadMethodAttributes (15ms)
				AfterProcessingInitializeOnLoad (16ms)
				EditorAssembliesLoaded (0ms)
			ExecutionOrderSort2 (0ms)
			AwakeInstancesAfterBackupRestoration (22ms)
Platform modules already initialized, skipping
Refreshing native plugins compatible for Editor in 1.32 ms, found 3 plugins.
Preloading 0 native plugins for Editor in 0.00 ms.
Unloading 2084 Unused Serialized files (Serialized files now loaded: 0)
System memory in use before: 93.5 MB.
System memory in use after: 93.6 MB.

Unloading 14 unused Assets to reduce memory usage. Loaded Objects now: 2542.
Total: 9.512700 ms (FindLiveObjects: 0.472000 ms CreateObjectMapping: 0.216700 ms MarkObjects: 8.782700 ms  DeleteObjects: 0.038100 ms)

AssetImportParameters requested are different than current active one (requested -> active):
  custom:framework-win-MediaFoundation: 216162199b28c13a410421893ffa2e32 -> 
  custom:video-decoder-ogg-theora: a1e56fd34408186e4bbccfd4996cb3dc -> 
  custom:container-muxer-webm: aa71ff27fc2769a1b78a27578f13a17b -> 
  custom:container-demuxer-webm: 4f35f7cbe854078d1ac9338744f61a02 -> 
  custom:container-demuxer-ogg: 62fdf1f143b41e24485cea50d1cbac27 -> 
  custom:video-encoder-webm-vp8: eb34c28f22e8b96e1ab97ce403110664 -> 
  custom:video-decoder-webm-vp8: 9c59270c3fd7afecdb556c50c9e8de78 -> 
  custom:audio-decoder-ogg-vorbis: bf7c407c2cedff20999df2af8eb42d56 -> 
  custom:audio-encoder-webm-vorbis: bf7c407c2cedff20999df2af8eb42d56 -> 
========================================================================
Received Prepare
Registering precompiled user dll's ...
Registered in 0.004705 seconds.
Begin MonoManager ReloadAssembly
Native extension for WindowsStandalone target not found
Refreshing native plugins compatible for Editor in 1.20 ms, found 3 plugins.
Preloading 0 native plugins for Editor in 0.00 ms.
Mono: successfully reloaded assembly
- Completed reload, in  2.502 seconds
Domain Reload Profiling:
	ReloadAssembly (2503ms)
		BeginReloadAssembly (308ms)
			ExecutionOrderSort (0ms)
			DisableScriptedObjects (25ms)
			BackupInstance (0ms)
			ReleaseScriptingObjects (0ms)
			CreateAndSetChildDomain (88ms)
		EndReloadAssembly (2018ms)
			LoadAssemblies (216ms)
			RebuildTransferFunctionScriptingTraits (0ms)
			SetupTypeCache (568ms)
			ReleaseScriptCaches (1ms)
			RebuildScriptCaches (91ms)
			SetupLoadedEditorAssemblies (844ms)
				LogAssemblyErrors (0ms)
				InitializePlatformSupportModulesInManaged (16ms)
				SetLoadedEditorAssemblies (1ms)
				RefreshPlugins (1ms)
				BeforeProcessingInitializeOnLoad (214ms)
				ProcessInitializeOnLoadAttributes (580ms)
				ProcessInitializeOnLoadMethodAttributes (18ms)
				AfterProcessingInitializeOnLoad (14ms)
				EditorAssembliesLoaded (0ms)
			ExecutionOrderSort2 (0ms)
			AwakeInstancesAfterBackupRestoration (25ms)
Platform modules already initialized, skipping
Refreshing native plugins compatible for Editor in 0.63 ms, found 3 plugins.
Preloading 0 native plugins for Editor in 0.00 ms.
Unloading 2084 Unused Serialized files (Serialized files now loaded: 0)
System memory in use before: 93.5 MB.
System memory in use after: 93.6 MB.

Unloading 14 unused Assets to reduce memory usage. Loaded Objects now: 2545.
Total: 3.515300 ms (FindLiveObjects: 0.265700 ms CreateObjectMapping: 0.118800 ms MarkObjects: 3.109300 ms  DeleteObjects: 0.020300 ms)

AssetImportParameters requested are different than current active one (requested -> active):
  custom:framework-win-MediaFoundation: 216162199b28c13a410421893ffa2e32 -> 
  custom:video-decoder-ogg-theora: a1e56fd34408186e4bbccfd4996cb3dc -> 
  custom:container-muxer-webm: aa71ff27fc2769a1b78a27578f13a17b -> 
  custom:container-demuxer-webm: 4f35f7cbe854078d1ac9338744f61a02 -> 
  custom:container-demuxer-ogg: 62fdf1f143b41e24485cea50d1cbac27 -> 
  custom:video-encoder-webm-vp8: eb34c28f22e8b96e1ab97ce403110664 -> 
  custom:video-decoder-webm-vp8: 9c59270c3fd7afecdb556c50c9e8de78 -> 
  custom:audio-decoder-ogg-vorbis: bf7c407c2cedff20999df2af8eb42d56 -> 
  custom:audio-encoder-webm-vorbis: bf7c407c2cedff20999df2af8eb42d56 -> 
========================================================================
Received Prepare
Registering precompiled user dll's ...
Registered in 0.010458 seconds.
Begin MonoManager ReloadAssembly
Native extension for WindowsStandalone target not found
Refreshing native plugins compatible for Editor in 0.69 ms, found 3 plugins.
Preloading 0 native plugins for Editor in 0.00 ms.
Mono: successfully reloaded assembly
- Completed reload, in  2.233 seconds
Domain Reload Profiling:
	ReloadAssembly (2234ms)
		BeginReloadAssembly (289ms)
			ExecutionOrderSort (0ms)
			DisableScriptedObjects (23ms)
			BackupInstance (0ms)
			ReleaseScriptingObjects (0ms)
			CreateAndSetChildDomain (82ms)
		EndReloadAssembly (1741ms)
			LoadAssemblies (242ms)
			RebuildTransferFunctionScriptingTraits (0ms)
			SetupTypeCache (715ms)
			ReleaseScriptCaches (1ms)
			RebuildScriptCaches (85ms)
			SetupLoadedEditorAssemblies (590ms)
				LogAssemblyErrors (0ms)
				InitializePlatformSupportModulesInManaged (7ms)
				SetLoadedEditorAssemblies (1ms)
				RefreshPlugins (1ms)
				BeforeProcessingInitializeOnLoad (172ms)
				ProcessInitializeOnLoadAttributes (380ms)
				ProcessInitializeOnLoadMethodAttributes (13ms)
				AfterProcessingInitializeOnLoad (16ms)
				EditorAssembliesLoaded (0ms)
			ExecutionOrderSort2 (0ms)
			AwakeInstancesAfterBackupRestoration (19ms)
Platform modules already initialized, skipping
Refreshing native plugins compatible for Editor in 0.64 ms, found 3 plugins.
Preloading 0 native plugins for Editor in 0.00 ms.
Unloading 2084 Unused Serialized files (Serialized files now loaded: 0)
System memory in use before: 93.5 MB.
System memory in use after: 93.6 MB.

Unloading 14 unused Assets to reduce memory usage. Loaded Objects now: 2548.
Total: 4.441400 ms (FindLiveObjects: 0.286700 ms CreateObjectMapping: 0.096100 ms MarkObjects: 4.029200 ms  DeleteObjects: 0.027900 ms)

AssetImportParameters requested are different than current active one (requested -> active):
  custom:framework-win-MediaFoundation: 216162199b28c13a410421893ffa2e32 -> 
  custom:video-decoder-ogg-theora: a1e56fd34408186e4bbccfd4996cb3dc -> 
  custom:container-muxer-webm: aa71ff27fc2769a1b78a27578f13a17b -> 
  custom:container-demuxer-webm: 4f35f7cbe854078d1ac9338744f61a02 -> 
  custom:container-demuxer-ogg: 62fdf1f143b41e24485cea50d1cbac27 -> 
  custom:video-encoder-webm-vp8: eb34c28f22e8b96e1ab97ce403110664 -> 
  custom:video-decoder-webm-vp8: 9c59270c3fd7afecdb556c50c9e8de78 -> 
  custom:audio-decoder-ogg-vorbis: bf7c407c2cedff20999df2af8eb42d56 -> 
  custom:audio-encoder-webm-vorbis: bf7c407c2cedff20999df2af8eb42d56 -> 
========================================================================
Received Prepare
Registering precompiled user dll's ...
Registered in 0.009654 seconds.
Begin MonoManager ReloadAssembly
Native extension for WindowsStandalone target not found
Refreshing native plugins compatible for Editor in 0.72 ms, found 3 plugins.
Preloading 0 native plugins for Editor in 0.00 ms.
Mono: successfully reloaded assembly
- Completed reload, in  2.421 seconds
Domain Reload Profiling:
	ReloadAssembly (2423ms)
		BeginReloadAssembly (253ms)
			ExecutionOrderSort (0ms)
			DisableScriptedObjects (18ms)
			BackupInstance (0ms)
			ReleaseScriptingObjects (0ms)
			CreateAndSetChildDomain (84ms)
		EndReloadAssembly (2006ms)
			LoadAssemblies (204ms)
			RebuildTransferFunctionScriptingTraits (0ms)
			SetupTypeCache (604ms)
			ReleaseScriptCaches (4ms)
			RebuildScriptCaches (132ms)
			SetupLoadedEditorAssemblies (776ms)
				LogAssemblyErrors (0ms)
				InitializePlatformSupportModulesInManaged (11ms)
				SetLoadedEditorAssemblies (2ms)
				RefreshPlugins (1ms)
				BeforeProcessingInitializeOnLoad (221ms)
				ProcessInitializeOnLoadAttributes (519ms)
				ProcessInitializeOnLoadMethodAttributes (10ms)
				AfterProcessingInitializeOnLoad (12ms)
				EditorAssembliesLoaded (0ms)
			ExecutionOrderSort2 (0ms)
			AwakeInstancesAfterBackupRestoration (20ms)
Platform modules already initialized, skipping
Refreshing native plugins compatible for Editor in 0.73 ms, found 3 plugins.
Preloading 0 native plugins for Editor in 0.00 ms.
Unloading 2084 Unused Serialized files (Serialized files now loaded: 0)
System memory in use before: 93.5 MB.
System memory in use after: 93.6 MB.

Unloading 14 unused Assets to reduce memory usage. Loaded Objects now: 2551.
Total: 5.594500 ms (FindLiveObjects: 0.364200 ms CreateObjectMapping: 0.166500 ms MarkObjects: 5.029100 ms  DeleteObjects: 0.033100 ms)

AssetImportParameters requested are different than current active one (requested -> active):
  custom:framework-win-MediaFoundation: 216162199b28c13a410421893ffa2e32 -> 
  custom:video-decoder-ogg-theora: a1e56fd34408186e4bbccfd4996cb3dc -> 
  custom:container-muxer-webm: aa71ff27fc2769a1b78a27578f13a17b -> 
  custom:container-demuxer-webm: 4f35f7cbe854078d1ac9338744f61a02 -> 
  custom:container-demuxer-ogg: 62fdf1f143b41e24485cea50d1cbac27 -> 
  custom:video-encoder-webm-vp8: eb34c28f22e8b96e1ab97ce403110664 -> 
  custom:video-decoder-webm-vp8: 9c59270c3fd7afecdb556c50c9e8de78 -> 
  custom:audio-decoder-ogg-vorbis: bf7c407c2cedff20999df2af8eb42d56 -> 
  custom:audio-encoder-webm-vorbis: bf7c407c2cedff20999df2af8eb42d56 -> 
========================================================================
Received Prepare
Registering precompiled user dll's ...
Registered in 0.015061 seconds.
Begin MonoManager ReloadAssembly
Native extension for WindowsStandalone target not found
Refreshing native plugins compatible for Editor in 0.71 ms, found 3 plugins.
Preloading 0 native plugins for Editor in 0.00 ms.
Mono: successfully reloaded assembly
- Completed reload, in  2.702 seconds
Domain Reload Profiling:
	ReloadAssembly (2703ms)
		BeginReloadAssembly (405ms)
			ExecutionOrderSort (0ms)
			DisableScriptedObjects (23ms)
			BackupInstance (0ms)
			ReleaseScriptingObjects (1ms)
			CreateAndSetChildDomain (154ms)
		EndReloadAssembly (2027ms)
			LoadAssemblies (318ms)
			RebuildTransferFunctionScriptingTraits (0ms)
			SetupTypeCache (730ms)
			ReleaseScriptCaches (2ms)
			RebuildScriptCaches (100ms)
			SetupLoadedEditorAssemblies (679ms)
				LogAssemblyErrors (0ms)
				InitializePlatformSupportModulesInManaged (11ms)
				SetLoadedEditorAssemblies (1ms)
				RefreshPlugins (1ms)
				BeforeProcessingInitializeOnLoad (181ms)
				ProcessInitializeOnLoadAttributes (462ms)
				ProcessInitializeOnLoadMethodAttributes (11ms)
				AfterProcessingInitializeOnLoad (12ms)
				EditorAssembliesLoaded (0ms)
			ExecutionOrderSort2 (0ms)
			AwakeInstancesAfterBackupRestoration (20ms)
Platform modules already initialized, skipping
Refreshing native plugins compatible for Editor in 1.11 ms, found 3 plugins.
Preloading 0 native plugins for Editor in 0.00 ms.
Unloading 2085 Unused Serialized files (Serialized files now loaded: 0)
System memory in use before: 93.5 MB.
System memory in use after: 93.7 MB.

Unloading 14 unused Assets to reduce memory usage. Loaded Objects now: 2555.
Total: 6.022800 ms (FindLiveObjects: 0.291400 ms CreateObjectMapping: 0.144400 ms MarkObjects: 5.553600 ms  DeleteObjects: 0.031500 ms)

AssetImportParameters requested are different than current active one (requested -> active):
  custom:framework-win-MediaFoundation: 216162199b28c13a410421893ffa2e32 -> 
  custom:video-decoder-ogg-theora: a1e56fd34408186e4bbccfd4996cb3dc -> 
  custom:container-muxer-webm: aa71ff27fc2769a1b78a27578f13a17b -> 
  custom:container-demuxer-webm: 4f35f7cbe854078d1ac9338744f61a02 -> 
  custom:container-demuxer-ogg: 62fdf1f143b41e24485cea50d1cbac27 -> 
  custom:video-encoder-webm-vp8: eb34c28f22e8b96e1ab97ce403110664 -> 
  custom:video-decoder-webm-vp8: 9c59270c3fd7afecdb556c50c9e8de78 -> 
  custom:audio-decoder-ogg-vorbis: bf7c407c2cedff20999df2af8eb42d56 -> 
  custom:audio-encoder-webm-vorbis: bf7c407c2cedff20999df2af8eb42d56 -> 
========================================================================
Received Prepare
Registering precompiled user dll's ...
Registered in 0.011883 seconds.
Begin MonoManager ReloadAssembly
Native extension for WindowsStandalone target not found
Refreshing native plugins compatible for Editor in 0.76 ms, found 3 plugins.
Preloading 0 native plugins for Editor in 0.00 ms.
Mono: successfully reloaded assembly
- Completed reload, in  2.801 seconds
Domain Reload Profiling:
	ReloadAssembly (2802ms)
		BeginReloadAssembly (201ms)
			ExecutionOrderSort (0ms)
			DisableScriptedObjects (13ms)
			BackupInstance (0ms)
			ReleaseScriptingObjects (0ms)
			CreateAndSetChildDomain (59ms)
		EndReloadAssembly (2441ms)
			LoadAssemblies (206ms)
			RebuildTransferFunctionScriptingTraits (0ms)
			SetupTypeCache (986ms)
			ReleaseScriptCaches (2ms)
			RebuildScriptCaches (126ms)
			SetupLoadedEditorAssemblies (756ms)
				LogAssemblyErrors (0ms)
				InitializePlatformSupportModulesInManaged (10ms)
				SetLoadedEditorAssemblies (1ms)
				RefreshPlugins (1ms)
				BeforeProcessingInitializeOnLoad (202ms)
				ProcessInitializeOnLoadAttributes (515ms)
				ProcessInitializeOnLoadMethodAttributes (13ms)
				AfterProcessingInitializeOnLoad (13ms)
				EditorAssembliesLoaded (0ms)
			ExecutionOrderSort2 (0ms)
			AwakeInstancesAfterBackupRestoration (22ms)
Platform modules already initialized, skipping
Refreshing native plugins compatible for Editor in 0.68 ms, found 3 plugins.
Preloading 0 native plugins for Editor in 0.00 ms.
Unloading 2085 Unused Serialized files (Serialized files now loaded: 0)
System memory in use before: 93.6 MB.
System memory in use after: 93.7 MB.

Unloading 14 unused Assets to reduce memory usage. Loaded Objects now: 2558.
Total: 4.887900 ms (FindLiveObjects: 0.289300 ms CreateObjectMapping: 0.097400 ms MarkObjects: 4.472900 ms  DeleteObjects: 0.027100 ms)

AssetImportParameters requested are different than current active one (requested -> active):
  custom:framework-win-MediaFoundation: 216162199b28c13a410421893ffa2e32 -> 
  custom:video-decoder-ogg-theora: a1e56fd34408186e4bbccfd4996cb3dc -> 
  custom:container-muxer-webm: aa71ff27fc2769a1b78a27578f13a17b -> 
  custom:container-demuxer-webm: 4f35f7cbe854078d1ac9338744f61a02 -> 
  custom:container-demuxer-ogg: 62fdf1f143b41e24485cea50d1cbac27 -> 
  custom:video-encoder-webm-vp8: eb34c28f22e8b96e1ab97ce403110664 -> 
  custom:video-decoder-webm-vp8: 9c59270c3fd7afecdb556c50c9e8de78 -> 
  custom:audio-decoder-ogg-vorbis: bf7c407c2cedff20999df2af8eb42d56 -> 
  custom:audio-encoder-webm-vorbis: bf7c407c2cedff20999df2af8eb42d56 -> 
========================================================================
Received Prepare
Registering precompiled user dll's ...
Registered in 0.008455 seconds.
Begin MonoManager ReloadAssembly
Native extension for WindowsStandalone target not found
Refreshing native plugins compatible for Editor in 0.89 ms, found 3 plugins.
Preloading 0 native plugins for Editor in 0.00 ms.
Mono: successfully reloaded assembly
- Completed reload, in  2.213 seconds
Domain Reload Profiling:
	ReloadAssembly (2214ms)
		BeginReloadAssembly (254ms)
			ExecutionOrderSort (0ms)
			DisableScriptedObjects (18ms)
			BackupInstance (0ms)
			ReleaseScriptingObjects (0ms)
			CreateAndSetChildDomain (61ms)
		EndReloadAssembly (1831ms)
			LoadAssemblies (202ms)
			RebuildTransferFunctionScriptingTraits (0ms)
			SetupTypeCache (560ms)
			ReleaseScriptCaches (2ms)
			RebuildScriptCaches (117ms)
			SetupLoadedEditorAssemblies (731ms)
				LogAssemblyErrors (0ms)
				InitializePlatformSupportModulesInManaged (11ms)
				SetLoadedEditorAssemblies (1ms)
				RefreshPlugins (1ms)
				BeforeProcessingInitializeOnLoad (231ms)
				ProcessInitializeOnLoadAttributes (471ms)
				ProcessInitializeOnLoadMethodAttributes (8ms)
				AfterProcessingInitializeOnLoad (8ms)
				EditorAssembliesLoaded (0ms)
			ExecutionOrderSort2 (0ms)
			AwakeInstancesAfterBackupRestoration (13ms)
Platform modules already initialized, skipping
Refreshing native plugins compatible for Editor in 0.60 ms, found 3 plugins.
Preloading 0 native plugins for Editor in 0.00 ms.
Unloading 2085 Unused Serialized files (Serialized files now loaded: 0)
System memory in use before: 93.6 MB.
System memory in use after: 93.7 MB.

Unloading 14 unused Assets to reduce memory usage. Loaded Objects now: 2561.
Total: 4.613200 ms (FindLiveObjects: 0.268300 ms CreateObjectMapping: 0.097700 ms MarkObjects: 4.223000 ms  DeleteObjects: 0.023000 ms)

AssetImportParameters requested are different than current active one (requested -> active):
  custom:framework-win-MediaFoundation: 216162199b28c13a410421893ffa2e32 -> 
  custom:video-decoder-ogg-theora: a1e56fd34408186e4bbccfd4996cb3dc -> 
  custom:container-muxer-webm: aa71ff27fc2769a1b78a27578f13a17b -> 
  custom:container-demuxer-webm: 4f35f7cbe854078d1ac9338744f61a02 -> 
  custom:container-demuxer-ogg: 62fdf1f143b41e24485cea50d1cbac27 -> 
  custom:video-encoder-webm-vp8: eb34c28f22e8b96e1ab97ce403110664 -> 
  custom:video-decoder-webm-vp8: 9c59270c3fd7afecdb556c50c9e8de78 -> 
  custom:audio-decoder-ogg-vorbis: bf7c407c2cedff20999df2af8eb42d56 -> 
  custom:audio-encoder-webm-vorbis: bf7c407c2cedff20999df2af8eb42d56 -> 
========================================================================
Received Import Request.
  Time since last request: 1462.987665 seconds.
  path: Assets/scripts/SelectNew.cs
  artifactKey: Guid(6c95ef1081b25ee47808d66339cb03cc) Importer(815301076,1909f56bfc062723c751e8b465ee728b)
Start importing Assets/scripts/SelectNew.cs using Guid(6c95ef1081b25ee47808d66339cb03cc) Importer(815301076,1909f56bfc062723c751e8b465ee728b)  -> (artifact id: '9b1af8858fb39d3e652d0bed061d9fdd') in 0.025410 seconds 
  Import took 0.035801 seconds .

========================================================================
Received Prepare
Registering precompiled user dll's ...
Registered in 0.013380 seconds.
Begin MonoManager ReloadAssembly
Native extension for WindowsStandalone target not found
Refreshing native plugins compatible for Editor in 0.65 ms, found 3 plugins.
Preloading 0 native plugins for Editor in 0.00 ms.
Mono: successfully reloaded assembly
- Completed reload, in  2.413 seconds
Domain Reload Profiling:
	ReloadAssembly (2414ms)
		BeginReloadAssembly (380ms)
			ExecutionOrderSort (0ms)
			DisableScriptedObjects (29ms)
			BackupInstance (0ms)
			ReleaseScriptingObjects (0ms)
			CreateAndSetChildDomain (94ms)
		EndReloadAssembly (1805ms)
			LoadAssemblies (305ms)
			RebuildTransferFunctionScriptingTraits (0ms)
			SetupTypeCache (572ms)
			ReleaseScriptCaches (1ms)
			RebuildScriptCaches (95ms)
			SetupLoadedEditorAssemblies (765ms)
				LogAssemblyErrors (0ms)
				InitializePlatformSupportModulesInManaged (8ms)
				SetLoadedEditorAssemblies (1ms)
				RefreshPlugins (1ms)
				BeforeProcessingInitializeOnLoad (201ms)
				ProcessInitializeOnLoadAttributes (533ms)
				ProcessInitializeOnLoadMethodAttributes (10ms)
				AfterProcessingInitializeOnLoad (11ms)
				EditorAssembliesLoaded (0ms)
			ExecutionOrderSort2 (0ms)
			AwakeInstancesAfterBackupRestoration (27ms)
Platform modules already initialized, skipping
Refreshing native plugins compatible for Editor in 0.91 ms, found 3 plugins.
Preloading 0 native plugins for Editor in 0.00 ms.
Unloading 2086 Unused Serialized files (Serialized files now loaded: 0)
System memory in use before: 93.6 MB.
System memory in use after: 93.7 MB.

Unloading 14 unused Assets to reduce memory usage. Loaded Objects now: 2565.
Total: 6.239800 ms (FindLiveObjects: 0.323600 ms CreateObjectMapping: 0.155100 ms MarkObjects: 5.725700 ms  DeleteObjects: 0.032800 ms)

AssetImportParameters requested are different than current active one (requested -> active):
  custom:framework-win-MediaFoundation: 216162199b28c13a410421893ffa2e32 -> 
  custom:video-decoder-ogg-theora: a1e56fd34408186e4bbccfd4996cb3dc -> 
  custom:container-muxer-webm: aa71ff27fc2769a1b78a27578f13a17b -> 
  custom:container-demuxer-webm: 4f35f7cbe854078d1ac9338744f61a02 -> 
  custom:container-demuxer-ogg: 62fdf1f143b41e24485cea50d1cbac27 -> 
  custom:video-encoder-webm-vp8: eb34c28f22e8b96e1ab97ce403110664 -> 
  custom:video-decoder-webm-vp8: 9c59270c3fd7afecdb556c50c9e8de78 -> 
  custom:audio-decoder-ogg-vorbis: bf7c407c2cedff20999df2af8eb42d56 -> 
  custom:audio-encoder-webm-vorbis: bf7c407c2cedff20999df2af8eb42d56 -> 
========================================================================
Received Prepare
Registering precompiled user dll's ...
Registered in 0.010059 seconds.
Begin MonoManager ReloadAssembly
Native extension for WindowsStandalone target not found
Refreshing native plugins compatible for Editor in 0.61 ms, found 3 plugins.
Preloading 0 native plugins for Editor in 0.00 ms.
Mono: successfully reloaded assembly
- Completed reload, in  2.343 seconds
Domain Reload Profiling:
	ReloadAssembly (2343ms)
		BeginReloadAssembly (238ms)
			ExecutionOrderSort (0ms)
			DisableScriptedObjects (14ms)
			BackupInstance (0ms)
			ReleaseScriptingObjects (0ms)
			CreateAndSetChildDomain (75ms)
		EndReloadAssembly (1877ms)
			LoadAssemblies (251ms)
			RebuildTransferFunctionScriptingTraits (0ms)
			SetupTypeCache (735ms)
			ReleaseScriptCaches (1ms)
			RebuildScriptCaches (63ms)
			SetupLoadedEditorAssemblies (644ms)
				LogAssemblyErrors (0ms)
				InitializePlatformSupportModulesInManaged (8ms)
				SetLoadedEditorAssemblies (1ms)
				RefreshPlugins (1ms)
				BeforeProcessingInitializeOnLoad (170ms)
				ProcessInitializeOnLoadAttributes (444ms)
				ProcessInitializeOnLoadMethodAttributes (10ms)
				AfterProcessingInitializeOnLoad (11ms)
				EditorAssembliesLoaded (0ms)
			ExecutionOrderSort2 (0ms)
			AwakeInstancesAfterBackupRestoration (18ms)
Platform modules already initialized, skipping
Refreshing native plugins compatible for Editor in 0.70 ms, found 3 plugins.
Preloading 0 native plugins for Editor in 0.00 ms.
Unloading 2086 Unused Serialized files (Serialized files now loaded: 0)
System memory in use before: 93.6 MB.
System memory in use after: 93.7 MB.

Unloading 14 unused Assets to reduce memory usage. Loaded Objects now: 2568.
Total: 6.680500 ms (FindLiveObjects: 0.310700 ms CreateObjectMapping: 0.151100 ms MarkObjects: 6.181300 ms  DeleteObjects: 0.035100 ms)

AssetImportParameters requested are different than current active one (requested -> active):
  custom:framework-win-MediaFoundation: 216162199b28c13a410421893ffa2e32 -> 
  custom:video-decoder-ogg-theora: a1e56fd34408186e4bbccfd4996cb3dc -> 
  custom:container-muxer-webm: aa71ff27fc2769a1b78a27578f13a17b -> 
  custom:container-demuxer-webm: 4f35f7cbe854078d1ac9338744f61a02 -> 
  custom:container-demuxer-ogg: 62fdf1f143b41e24485cea50d1cbac27 -> 
  custom:video-encoder-webm-vp8: eb34c28f22e8b96e1ab97ce403110664 -> 
  custom:video-decoder-webm-vp8: 9c59270c3fd7afecdb556c50c9e8de78 -> 
  custom:audio-decoder-ogg-vorbis: bf7c407c2cedff20999df2af8eb42d56 -> 
  custom:audio-encoder-webm-vorbis: bf7c407c2cedff20999df2af8eb42d56 -> 
========================================================================
Received Import Request.
  Time since last request: 213.503525 seconds.
  path: Assets/scripts/SelectNew.cs
  artifactKey: Guid(6c95ef1081b25ee47808d66339cb03cc) Importer(815301076,1909f56bfc062723c751e8b465ee728b)
Start importing Assets/scripts/SelectNew.cs using Guid(6c95ef1081b25ee47808d66339cb03cc) Importer(815301076,1909f56bfc062723c751e8b465ee728b)  -> (artifact id: '6ddf8116ede406abd2256051ab507279') in 0.011706 seconds 
  Import took 0.029665 seconds .

========================================================================
Received Prepare
Registering precompiled user dll's ...
Registered in 0.018158 seconds.
Begin MonoManager ReloadAssembly
Native extension for WindowsStandalone target not found
Refreshing native plugins compatible for Editor in 0.54 ms, found 3 plugins.
Preloading 0 native plugins for Editor in 0.00 ms.
Mono: successfully reloaded assembly
- Completed reload, in  1.875 seconds
Domain Reload Profiling:
	ReloadAssembly (1875ms)
		BeginReloadAssembly (228ms)
			ExecutionOrderSort (0ms)
			DisableScriptedObjects (12ms)
			BackupInstance (0ms)
			ReleaseScriptingObjects (0ms)
			CreateAndSetChildDomain (45ms)
		EndReloadAssembly (1489ms)
			LoadAssemblies (290ms)
			RebuildTransferFunctionScriptingTraits (0ms)
			SetupTypeCache (490ms)
			ReleaseScriptCaches (1ms)
			RebuildScriptCaches (66ms)
			SetupLoadedEditorAssemblies (541ms)
				LogAssemblyErrors (0ms)
				InitializePlatformSupportModulesInManaged (7ms)
				SetLoadedEditorAssemblies (1ms)
				RefreshPlugins (1ms)
				BeforeProcessingInitializeOnLoad (142ms)
				ProcessInitializeOnLoadAttributes (367ms)
				ProcessInitializeOnLoadMethodAttributes (12ms)
				AfterProcessingInitializeOnLoad (12ms)
				EditorAssembliesLoaded (0ms)
			ExecutionOrderSort2 (0ms)
			AwakeInstancesAfterBackupRestoration (17ms)
Platform modules already initialized, skipping
Refreshing native plugins compatible for Editor in 0.61 ms, found 3 plugins.
Preloading 0 native plugins for Editor in 0.00 ms.
Unloading 2086 Unused Serialized files (Serialized files now loaded: 0)
System memory in use before: 93.6 MB.
System memory in use after: 93.7 MB.

Unloading 14 unused Assets to reduce memory usage. Loaded Objects now: 2571.
Total: 4.295900 ms (FindLiveObjects: 0.314700 ms CreateObjectMapping: 0.133400 ms MarkObjects: 3.821700 ms  DeleteObjects: 0.024800 ms)

AssetImportParameters requested are different than current active one (requested -> active):
  custom:framework-win-MediaFoundation: 216162199b28c13a410421893ffa2e32 -> 
  custom:video-decoder-ogg-theora: a1e56fd34408186e4bbccfd4996cb3dc -> 
  custom:container-muxer-webm: aa71ff27fc2769a1b78a27578f13a17b -> 
  custom:container-demuxer-webm: 4f35f7cbe854078d1ac9338744f61a02 -> 
  custom:container-demuxer-ogg: 62fdf1f143b41e24485cea50d1cbac27 -> 
  custom:video-encoder-webm-vp8: eb34c28f22e8b96e1ab97ce403110664 -> 
  custom:video-decoder-webm-vp8: 9c59270c3fd7afecdb556c50c9e8de78 -> 
  custom:audio-decoder-ogg-vorbis: bf7c407c2cedff20999df2af8eb42d56 -> 
  custom:audio-encoder-webm-vorbis: bf7c407c2cedff20999df2af8eb42d56 -> 
========================================================================
Received Import Request.
  Time since last request: 2217.720293 seconds.
  path: Assets/art/Cute Fish GB Studio 02.png
  artifactKey: Guid(8465d8281afce6842af0855ed8a678b8) Importer(815301076,1909f56bfc062723c751e8b465ee728b)
Start importing Assets/art/Cute Fish GB Studio 02.png using Guid(8465d8281afce6842af0855ed8a678b8) Importer(815301076,1909f56bfc062723c751e8b465ee728b)  -> (artifact id: '3a3948ab104462d870a0fe42977c6b20') in 0.181095 seconds 
  Import took 0.189245 seconds .

========================================================================
Received Import Request.
  Time since last request: 4.143256 seconds.
  path: Assets/art/Cute Fish GB Studio 02.aseprite
  artifactKey: Guid(bb783509d4a03c746a0fe59d5ecf7727) Importer(815301076,1909f56bfc062723c751e8b465ee728b)
Start importing Assets/art/Cute Fish GB Studio 02.aseprite using Guid(bb783509d4a03c746a0fe59d5ecf7727) Importer(815301076,1909f56bfc062723c751e8b465ee728b)  -> (artifact id: '913bb06419c954d05d042b6b94401f3e') in 0.007584 seconds 
  Import took 0.022967 seconds .

========================================================================
Received Import Request.
  Time since last request: 0.002151 seconds.
  path: Assets/art/Cute Fish GB Studio 02.aseprite
  artifactKey: Guid(bb783509d4a03c746a0fe59d5ecf7727) Importer(815301076,1909f56bfc062723c751e8b465ee728b)
Start importing Assets/art/Cute Fish GB Studio 02.aseprite using Guid(bb783509d4a03c746a0fe59d5ecf7727) Importer(815301076,1909f56bfc062723c751e8b465ee728b)  -> (artifact id: '913bb06419c954d05d042b6b94401f3e') in 0.008202 seconds 
  Import took 0.017131 seconds .

AssetImportWorkerClient::OnTransportError - code=2 error=End of file
